<?xml version="1.0" encoding="UTF-8"?>
<!-- Generated by org.testng.reporters.JUnitReportReporter -->
<testsuite skipped="0" hostname="capfront-Latitude-3420" name="testcases.tc_home" tests="1" failures="0" timestamp="2023-08-26T12:31:33 IST" time="6.411" errors="0">
  <testcase name="frameTC" time="6.411" classname="testcases.tc_home"/>
  <system-out/>
</testsuite> <!-- testcases.tc_home -->
